<?xml version="1.0" encoding="UTF-8"?>
<testsuite name="experiment7.VirusTest" tests="4" skipped="0" failures="0" errors="0" timestamp="2020-06-10T01:59:48" hostname="SC-201902161641" time="0.004">
  <properties/>
  <testcase name="test[0]" classname="experiment7.VirusTest" time="0.002"/>
  <testcase name="test[1]" classname="experiment7.VirusTest" time="0.0"/>
  <testcase name="test[2]" classname="experiment7.VirusTest" time="0.0"/>
  <testcase name="test[3]" classname="experiment7.VirusTest" time="0.0"/>
  <system-out><![CDATA[]]></system-out>
  <system-err><![CDATA[]]></system-err>
</testsuite>
