<?xml version="1.0" encoding="UTF-8"?>
<testsuite name="experiment6.TriangleTest" tests="500" skipped="0" failures="0" errors="0" timestamp="2020-06-09T07:58:04" hostname="SC-201902161641" time="0.795">
  <properties/>
  <testcase name="testWorstCaseBoundary(Integer, Integer, Integer, Integer, String)[1]" classname="experiment6.TriangleTest" time="0.056"/>
  <testcase name="testWorstCaseBoundary(Integer, Integer, Integer, Integer, String)[2]" classname="experiment6.TriangleTest" time="0.001"/>
  <testcase name="testWorstCaseBoundary(Integer, Integer, Integer, Integer, String)[3]" classname="experiment6.TriangleTest" time="0.001"/>
  <testcase name="testWorstCaseBoundary(Integer, Integer, Integer, Integer, String)[4]" classname="experiment6.TriangleTest" time="0.001"/>
  <testcase name="testWorstCaseBoundary(Integer, Integer, Integer, Integer, String)[5]" classname="experiment6.TriangleTest" time="0.001"/>
  <testcase name="testWorstCaseBoundary(Integer, Integer, Integer, Integer, String)[6]" classname="experiment6.TriangleTest" time="0.0"/>
  <testcase name="testWorstCaseBoundary(Integer, Integer, Integer, Integer, String)[7]" classname="experiment6.TriangleTest" time="0.001"/>
  <testcase name="testWorstCaseBoundary(Integer, Integer, Integer, Integer, String)[8]" classname="experiment6.TriangleTest" time="0.001"/>
  <testcase name="testWorstCaseBoundary(Integer, Integer, Integer, Integer, String)[9]" classname="experiment6.TriangleTest" time="0.001"/>
  <testcase name="testWorstCaseBoundary(Integer, Integer, Integer, Integer, String)[10]" classname="experiment6.TriangleTest" time="0.0"/>
  <testcase name="testWorstCaseBoundary(Integer, Integer, Integer, Integer, String)[11]" classname="experiment6.TriangleTest" time="0.001"/>
  <testcase name="testWorstCaseBoundary(Integer, Integer, Integer, Integer, String)[12]" classname="experiment6.TriangleTest" time="0.001"/>
  <testcase name="testWorstCaseBoundary(Integer, Integer, Integer, Integer, String)[13]" classname="experiment6.TriangleTest" time="0.001"/>
  <testcase name="testWorstCaseBoundary(Integer, Integer, Integer, Integer, String)[14]" classname="experiment6.TriangleTest" time="0.001"/>
  <testcase name="testWorstCaseBoundary(Integer, Integer, Integer, Integer, String)[15]" classname="experiment6.TriangleTest" time="0.001"/>
  <testcase name="testWorstCaseBoundary(Integer, Integer, Integer, Integer, String)[16]" classname="experiment6.TriangleTest" time="0.001"/>
  <testcase name="testWorstCaseBoundary(Integer, Integer, Integer, Integer, String)[17]" classname="experiment6.TriangleTest" time="0.0"/>
  <testcase name="testWorstCaseBoundary(Integer, Integer, Integer, Integer, String)[18]" classname="experiment6.TriangleTest" time="0.001"/>
  <testcase name="testWorstCaseBoundary(Integer, Integer, Integer, Integer, String)[19]" classname="experiment6.TriangleTest" time="0.0"/>
  <testcase name="testWorstCaseBoundary(Integer, Integer, Integer, Integer, String)[20]" classname="experiment6.TriangleTest" time="0.001"/>
  <testcase name="testWorstCaseBoundary(Integer, Integer, Integer, Integer, String)[21]" classname="experiment6.TriangleTest" time="0.001"/>
  <testcase name="testWorstCaseBoundary(Integer, Integer, Integer, Integer, String)[22]" classname="experiment6.TriangleTest" time="0.002"/>
  <testcase name="testWorstCaseBoundary(Integer, Integer, Integer, Integer, String)[23]" classname="experiment6.TriangleTest" time="0.001"/>
  <testcase name="testWorstCaseBoundary(Integer, Integer, Integer, Integer, String)[24]" classname="experiment6.TriangleTest" time="0.001"/>
  <testcase name="testWorstCaseBoundary(Integer, Integer, Integer, Integer, String)[25]" classname="experiment6.TriangleTest" time="0.001"/>
  <testcase name="testWorstCaseBoundary(Integer, Integer, Integer, Integer, String)[26]" classname="experiment6.TriangleTest" time="0.0"/>
  <testcase name="testWorstCaseBoundary(Integer, Integer, Integer, Integer, String)[27]" classname="experiment6.TriangleTest" time="0.001"/>
  <testcase name="testWorstCaseBoundary(Integer, Integer, Integer, Integer, String)[28]" classname="experiment6.TriangleTest" time="0.0"/>
  <testcase name="testWorstCaseBoundary(Integer, Integer, Integer, Integer, String)[29]" classname="experiment6.TriangleTest" time="0.0"/>
  <testcase name="testWorstCaseBoundary(Integer, Integer, Integer, Integer, String)[30]" classname="experiment6.TriangleTest" time="0.001"/>
  <testcase name="testWorstCaseBoundary(Integer, Integer, Integer, Integer, String)[31]" classname="experiment6.TriangleTest" time="0.001"/>
  <testcase name="testWorstCaseBoundary(Integer, Integer, Integer, Integer, String)[32]" classname="experiment6.TriangleTest" time="0.002"/>
  <testcase name="testWorstCaseBoundary(Integer, Integer, Integer, Integer, String)[33]" classname="experiment6.TriangleTest" time="0.0"/>
  <testcase name="testWorstCaseBoundary(Integer, Integer, Integer, Integer, String)[34]" classname="experiment6.TriangleTest" time="0.001"/>
  <testcase name="testWorstCaseBoundary(Integer, Integer, Integer, Integer, String)[35]" classname="experiment6.TriangleTest" time="0.0"/>
  <testcase name="testWorstCaseBoundary(Integer, Integer, Integer, Integer, String)[36]" classname="experiment6.TriangleTest" time="0.0"/>
  <testcase name="testWorstCaseBoundary(Integer, Integer, Integer, Integer, String)[37]" classname="experiment6.TriangleTest" time="0.001"/>
  <testcase name="testWorstCaseBoundary(Integer, Integer, Integer, Integer, String)[38]" classname="experiment6.TriangleTest" time="0.0"/>
  <testcase name="testWorstCaseBoundary(Integer, Integer, Integer, Integer, String)[39]" classname="experiment6.TriangleTest" time="0.001"/>
  <testcase name="testWorstCaseBoundary(Integer, Integer, Integer, Integer, String)[40]" classname="experiment6.TriangleTest" time="0.001"/>
  <testcase name="testWorstCaseBoundary(Integer, Integer, Integer, Integer, String)[41]" classname="experiment6.TriangleTest" time="0.001"/>
  <testcase name="testWorstCaseBoundary(Integer, Integer, Integer, Integer, String)[42]" classname="experiment6.TriangleTest" time="0.001"/>
  <testcase name="testWorstCaseBoundary(Integer, Integer, Integer, Integer, String)[43]" classname="experiment6.TriangleTest" time="0.001"/>
  <testcase name="testWorstCaseBoundary(Integer, Integer, Integer, Integer, String)[44]" classname="experiment6.TriangleTest" time="0.001"/>
  <testcase name="testWorstCaseBoundary(Integer, Integer, Integer, Integer, String)[45]" classname="experiment6.TriangleTest" time="0.0"/>
  <testcase name="testWorstCaseBoundary(Integer, Integer, Integer, Integer, String)[46]" classname="experiment6.TriangleTest" time="0.001"/>
  <testcase name="testWorstCaseBoundary(Integer, Integer, Integer, Integer, String)[47]" classname="experiment6.TriangleTest" time="0.0"/>
  <testcase name="testWorstCaseBoundary(Integer, Integer, Integer, Integer, String)[48]" classname="experiment6.TriangleTest" time="0.0"/>
  <testcase name="testWorstCaseBoundary(Integer, Integer, Integer, Integer, String)[49]" classname="experiment6.TriangleTest" time="0.0"/>
  <testcase name="testWorstCaseBoundary(Integer, Integer, Integer, Integer, String)[50]" classname="experiment6.TriangleTest" time="0.002"/>
  <testcase name="testWorstCaseBoundary(Integer, Integer, Integer, Integer, String)[51]" classname="experiment6.TriangleTest" time="0.0"/>
  <testcase name="testWorstCaseBoundary(Integer, Integer, Integer, Integer, String)[52]" classname="experiment6.TriangleTest" time="0.001"/>
  <testcase name="testWorstCaseBoundary(Integer, Integer, Integer, Integer, String)[53]" classname="experiment6.TriangleTest" time="0.001"/>
  <testcase name="testWorstCaseBoundary(Integer, Integer, Integer, Integer, String)[54]" classname="experiment6.TriangleTest" time="0.0"/>
  <testcase name="testWorstCaseBoundary(Integer, Integer, Integer, Integer, String)[55]" classname="experiment6.TriangleTest" time="0.0"/>
  <testcase name="testWorstCaseBoundary(Integer, Integer, Integer, Integer, String)[56]" classname="experiment6.TriangleTest" time="0.0"/>
  <testcase name="testWorstCaseBoundary(Integer, Integer, Integer, Integer, String)[57]" classname="experiment6.TriangleTest" time="0.001"/>
  <testcase name="testWorstCaseBoundary(Integer, Integer, Integer, Integer, String)[58]" classname="experiment6.TriangleTest" time="0.001"/>
  <testcase name="testWorstCaseBoundary(Integer, Integer, Integer, Integer, String)[59]" classname="experiment6.TriangleTest" time="0.0"/>
  <testcase name="testWorstCaseBoundary(Integer, Integer, Integer, Integer, String)[60]" classname="experiment6.TriangleTest" time="0.001"/>
  <testcase name="testWorstCaseBoundary(Integer, Integer, Integer, Integer, String)[61]" classname="experiment6.TriangleTest" time="0.001"/>
  <testcase name="testWorstCaseBoundary(Integer, Integer, Integer, Integer, String)[62]" classname="experiment6.TriangleTest" time="0.001"/>
  <testcase name="testWorstCaseBoundary(Integer, Integer, Integer, Integer, String)[63]" classname="experiment6.TriangleTest" time="0.001"/>
  <testcase name="testWorstCaseBoundary(Integer, Integer, Integer, Integer, String)[64]" classname="experiment6.TriangleTest" time="0.001"/>
  <testcase name="testWorstCaseBoundary(Integer, Integer, Integer, Integer, String)[65]" classname="experiment6.TriangleTest" time="0.001"/>
  <testcase name="testWorstCaseBoundary(Integer, Integer, Integer, Integer, String)[66]" classname="experiment6.TriangleTest" time="0.0"/>
  <testcase name="testWorstCaseBoundary(Integer, Integer, Integer, Integer, String)[67]" classname="experiment6.TriangleTest" time="0.001"/>
  <testcase name="testWorstCaseBoundary(Integer, Integer, Integer, Integer, String)[68]" classname="experiment6.TriangleTest" time="0.001"/>
  <testcase name="testWorstCaseBoundary(Integer, Integer, Integer, Integer, String)[69]" classname="experiment6.TriangleTest" time="0.0"/>
  <testcase name="testWorstCaseBoundary(Integer, Integer, Integer, Integer, String)[70]" classname="experiment6.TriangleTest" time="0.001"/>
  <testcase name="testWorstCaseBoundary(Integer, Integer, Integer, Integer, String)[71]" classname="experiment6.TriangleTest" time="0.0"/>
  <testcase name="testWorstCaseBoundary(Integer, Integer, Integer, Integer, String)[72]" classname="experiment6.TriangleTest" time="0.001"/>
  <testcase name="testWorstCaseBoundary(Integer, Integer, Integer, Integer, String)[73]" classname="experiment6.TriangleTest" time="0.001"/>
  <testcase name="testWorstCaseBoundary(Integer, Integer, Integer, Integer, String)[74]" classname="experiment6.TriangleTest" time="0.001"/>
  <testcase name="testWorstCaseBoundary(Integer, Integer, Integer, Integer, String)[75]" classname="experiment6.TriangleTest" time="0.0"/>
  <testcase name="testWorstCaseBoundary(Integer, Integer, Integer, Integer, String)[76]" classname="experiment6.TriangleTest" time="0.001"/>
  <testcase name="testWorstCaseBoundary(Integer, Integer, Integer, Integer, String)[77]" classname="experiment6.TriangleTest" time="0.0"/>
  <testcase name="testWorstCaseBoundary(Integer, Integer, Integer, Integer, String)[78]" classname="experiment6.TriangleTest" time="0.001"/>
  <testcase name="testWorstCaseBoundary(Integer, Integer, Integer, Integer, String)[79]" classname="experiment6.TriangleTest" time="0.001"/>
  <testcase name="testWorstCaseBoundary(Integer, Integer, Integer, Integer, String)[80]" classname="experiment6.TriangleTest" time="0.0"/>
  <testcase name="testWorstCaseBoundary(Integer, Integer, Integer, Integer, String)[81]" classname="experiment6.TriangleTest" time="0.001"/>
  <testcase name="testWorstCaseBoundary(Integer, Integer, Integer, Integer, String)[82]" classname="experiment6.TriangleTest" time="0.0"/>
  <testcase name="testWorstCaseBoundary(Integer, Integer, Integer, Integer, String)[83]" classname="experiment6.TriangleTest" time="0.002"/>
  <testcase name="testWorstCaseBoundary(Integer, Integer, Integer, Integer, String)[84]" classname="experiment6.TriangleTest" time="0.002"/>
  <testcase name="testWorstCaseBoundary(Integer, Integer, Integer, Integer, String)[85]" classname="experiment6.TriangleTest" time="0.001"/>
  <testcase name="testWorstCaseBoundary(Integer, Integer, Integer, Integer, String)[86]" classname="experiment6.TriangleTest" time="0.001"/>
  <testcase name="testWorstCaseBoundary(Integer, Integer, Integer, Integer, String)[87]" classname="experiment6.TriangleTest" time="0.0"/>
  <testcase name="testWorstCaseBoundary(Integer, Integer, Integer, Integer, String)[88]" classname="experiment6.TriangleTest" time="0.001"/>
  <testcase name="testWorstCaseBoundary(Integer, Integer, Integer, Integer, String)[89]" classname="experiment6.TriangleTest" time="0.001"/>
  <testcase name="testWorstCaseBoundary(Integer, Integer, Integer, Integer, String)[90]" classname="experiment6.TriangleTest" time="0.003"/>
  <testcase name="testWorstCaseBoundary(Integer, Integer, Integer, Integer, String)[91]" classname="experiment6.TriangleTest" time="0.001"/>
  <testcase name="testWorstCaseBoundary(Integer, Integer, Integer, Integer, String)[92]" classname="experiment6.TriangleTest" time="0.0"/>
  <testcase name="testWorstCaseBoundary(Integer, Integer, Integer, Integer, String)[93]" classname="experiment6.TriangleTest" time="0.0"/>
  <testcase name="testWorstCaseBoundary(Integer, Integer, Integer, Integer, String)[94]" classname="experiment6.TriangleTest" time="0.0"/>
  <testcase name="testWorstCaseBoundary(Integer, Integer, Integer, Integer, String)[95]" classname="experiment6.TriangleTest" time="0.0"/>
  <testcase name="testWorstCaseBoundary(Integer, Integer, Integer, Integer, String)[96]" classname="experiment6.TriangleTest" time="0.001"/>
  <testcase name="testWorstCaseBoundary(Integer, Integer, Integer, Integer, String)[97]" classname="experiment6.TriangleTest" time="0.001"/>
  <testcase name="testWorstCaseBoundary(Integer, Integer, Integer, Integer, String)[98]" classname="experiment6.TriangleTest" time="0.0"/>
  <testcase name="testWorstCaseBoundary(Integer, Integer, Integer, Integer, String)[99]" classname="experiment6.TriangleTest" time="0.0"/>
  <testcase name="testWorstCaseBoundary(Integer, Integer, Integer, Integer, String)[100]" classname="experiment6.TriangleTest" time="0.0"/>
  <testcase name="testWorstCaseBoundary(Integer, Integer, Integer, Integer, String)[101]" classname="experiment6.TriangleTest" time="0.001"/>
  <testcase name="testWorstCaseBoundary(Integer, Integer, Integer, Integer, String)[102]" classname="experiment6.TriangleTest" time="0.0"/>
  <testcase name="testWorstCaseBoundary(Integer, Integer, Integer, Integer, String)[103]" classname="experiment6.TriangleTest" time="0.001"/>
  <testcase name="testWorstCaseBoundary(Integer, Integer, Integer, Integer, String)[104]" classname="experiment6.TriangleTest" time="0.0"/>
  <testcase name="testWorstCaseBoundary(Integer, Integer, Integer, Integer, String)[105]" classname="experiment6.TriangleTest" time="0.0"/>
  <testcase name="testWorstCaseBoundary(Integer, Integer, Integer, Integer, String)[106]" classname="experiment6.TriangleTest" time="0.001"/>
  <testcase name="testWorstCaseBoundary(Integer, Integer, Integer, Integer, String)[107]" classname="experiment6.TriangleTest" time="0.0"/>
  <testcase name="testWorstCaseBoundary(Integer, Integer, Integer, Integer, String)[108]" classname="experiment6.TriangleTest" time="0.0"/>
  <testcase name="testWorstCaseBoundary(Integer, Integer, Integer, Integer, String)[109]" classname="experiment6.TriangleTest" time="0.001"/>
  <testcase name="testWorstCaseBoundary(Integer, Integer, Integer, Integer, String)[110]" classname="experiment6.TriangleTest" time="0.0"/>
  <testcase name="testWorstCaseBoundary(Integer, Integer, Integer, Integer, String)[111]" classname="experiment6.TriangleTest" time="0.001"/>
  <testcase name="testWorstCaseBoundary(Integer, Integer, Integer, Integer, String)[112]" classname="experiment6.TriangleTest" time="0.001"/>
  <testcase name="testWorstCaseBoundary(Integer, Integer, Integer, Integer, String)[113]" classname="experiment6.TriangleTest" time="0.0"/>
  <testcase name="testWorstCaseBoundary(Integer, Integer, Integer, Integer, String)[114]" classname="experiment6.TriangleTest" time="0.001"/>
  <testcase name="testWorstCaseBoundary(Integer, Integer, Integer, Integer, String)[115]" classname="experiment6.TriangleTest" time="0.0"/>
  <testcase name="testWorstCaseBoundary(Integer, Integer, Integer, Integer, String)[116]" classname="experiment6.TriangleTest" time="0.001"/>
  <testcase name="testWorstCaseBoundary(Integer, Integer, Integer, Integer, String)[117]" classname="experiment6.TriangleTest" time="0.002"/>
  <testcase name="testWorstCaseBoundary(Integer, Integer, Integer, Integer, String)[118]" classname="experiment6.TriangleTest" time="0.0"/>
  <testcase name="testWorstCaseBoundary(Integer, Integer, Integer, Integer, String)[119]" classname="experiment6.TriangleTest" time="0.001"/>
  <testcase name="testWorstCaseBoundary(Integer, Integer, Integer, Integer, String)[120]" classname="experiment6.TriangleTest" time="0.0"/>
  <testcase name="testWorstCaseBoundary(Integer, Integer, Integer, Integer, String)[121]" classname="experiment6.TriangleTest" time="0.0"/>
  <testcase name="testWorstCaseBoundary(Integer, Integer, Integer, Integer, String)[122]" classname="experiment6.TriangleTest" time="0.0"/>
  <testcase name="testWorstCaseBoundary(Integer, Integer, Integer, Integer, String)[123]" classname="experiment6.TriangleTest" time="0.001"/>
  <testcase name="testWorstCaseBoundary(Integer, Integer, Integer, Integer, String)[124]" classname="experiment6.TriangleTest" time="0.001"/>
  <testcase name="testWorstCaseBoundary(Integer, Integer, Integer, Integer, String)[125]" classname="experiment6.TriangleTest" time="0.0"/>
  <testcase name="testNormalBoundary(Integer, Integer, Integer, Integer, String)[1]" classname="experiment6.TriangleTest" time="0.001"/>
  <testcase name="testNormalBoundary(Integer, Integer, Integer, Integer, String)[2]" classname="experiment6.TriangleTest" time="0.0"/>
  <testcase name="testNormalBoundary(Integer, Integer, Integer, Integer, String)[3]" classname="experiment6.TriangleTest" time="0.0"/>
  <testcase name="testNormalBoundary(Integer, Integer, Integer, Integer, String)[4]" classname="experiment6.TriangleTest" time="0.001"/>
  <testcase name="testNormalBoundary(Integer, Integer, Integer, Integer, String)[5]" classname="experiment6.TriangleTest" time="0.001"/>
  <testcase name="testNormalBoundary(Integer, Integer, Integer, Integer, String)[6]" classname="experiment6.TriangleTest" time="0.001"/>
  <testcase name="testNormalBoundary(Integer, Integer, Integer, Integer, String)[7]" classname="experiment6.TriangleTest" time="0.0"/>
  <testcase name="testNormalBoundary(Integer, Integer, Integer, Integer, String)[8]" classname="experiment6.TriangleTest" time="0.0"/>
  <testcase name="testNormalBoundary(Integer, Integer, Integer, Integer, String)[9]" classname="experiment6.TriangleTest" time="0.001"/>
  <testcase name="testNormalBoundary(Integer, Integer, Integer, Integer, String)[10]" classname="experiment6.TriangleTest" time="0.0"/>
  <testcase name="testNormalBoundary(Integer, Integer, Integer, Integer, String)[11]" classname="experiment6.TriangleTest" time="0.0"/>
  <testcase name="testNormalBoundary(Integer, Integer, Integer, Integer, String)[12]" classname="experiment6.TriangleTest" time="0.001"/>
  <testcase name="testNormalBoundary(Integer, Integer, Integer, Integer, String)[13]" classname="experiment6.TriangleTest" time="0.0"/>
  <testcase name="testRobustBoundary(Integer, Integer, Integer, Integer, String)[1]" classname="experiment6.TriangleTest" time="0.001"/>
  <testcase name="testRobustBoundary(Integer, Integer, Integer, Integer, String)[2]" classname="experiment6.TriangleTest" time="0.001"/>
  <testcase name="testRobustBoundary(Integer, Integer, Integer, Integer, String)[3]" classname="experiment6.TriangleTest" time="0.001"/>
  <testcase name="testRobustBoundary(Integer, Integer, Integer, Integer, String)[4]" classname="experiment6.TriangleTest" time="0.001"/>
  <testcase name="testRobustBoundary(Integer, Integer, Integer, Integer, String)[5]" classname="experiment6.TriangleTest" time="0.001"/>
  <testcase name="testRobustBoundary(Integer, Integer, Integer, Integer, String)[6]" classname="experiment6.TriangleTest" time="0.0"/>
  <testcase name="testRobustBoundary(Integer, Integer, Integer, Integer, String)[7]" classname="experiment6.TriangleTest" time="0.0"/>
  <testcase name="testRobustBoundary(Integer, Integer, Integer, Integer, String)[8]" classname="experiment6.TriangleTest" time="0.001"/>
  <testcase name="testRobustBoundary(Integer, Integer, Integer, Integer, String)[9]" classname="experiment6.TriangleTest" time="0.0"/>
  <testcase name="testRobustBoundary(Integer, Integer, Integer, Integer, String)[10]" classname="experiment6.TriangleTest" time="0.0"/>
  <testcase name="testRobustBoundary(Integer, Integer, Integer, Integer, String)[11]" classname="experiment6.TriangleTest" time="0.0"/>
  <testcase name="testRobustBoundary(Integer, Integer, Integer, Integer, String)[12]" classname="experiment6.TriangleTest" time="0.001"/>
  <testcase name="testRobustBoundary(Integer, Integer, Integer, Integer, String)[13]" classname="experiment6.TriangleTest" time="0.001"/>
  <testcase name="testRobustBoundary(Integer, Integer, Integer, Integer, String)[14]" classname="experiment6.TriangleTest" time="0.001"/>
  <testcase name="testRobustBoundary(Integer, Integer, Integer, Integer, String)[15]" classname="experiment6.TriangleTest" time="0.0"/>
  <testcase name="testRobustBoundary(Integer, Integer, Integer, Integer, String)[16]" classname="experiment6.TriangleTest" time="0.001"/>
  <testcase name="testRobustBoundary(Integer, Integer, Integer, Integer, String)[17]" classname="experiment6.TriangleTest" time="0.001"/>
  <testcase name="testRobustBoundary(Integer, Integer, Integer, Integer, String)[18]" classname="experiment6.TriangleTest" time="0.001"/>
  <testcase name="testRobustBoundary(Integer, Integer, Integer, Integer, String)[19]" classname="experiment6.TriangleTest" time="0.001"/>
  <testcase name="testRobustWorstCaseBoundary(Integer, Integer, Integer, Integer, String)[1]" classname="experiment6.TriangleTest" time="0.0"/>
  <testcase name="testRobustWorstCaseBoundary(Integer, Integer, Integer, Integer, String)[2]" classname="experiment6.TriangleTest" time="0.0"/>
  <testcase name="testRobustWorstCaseBoundary(Integer, Integer, Integer, Integer, String)[3]" classname="experiment6.TriangleTest" time="0.0"/>
  <testcase name="testRobustWorstCaseBoundary(Integer, Integer, Integer, Integer, String)[4]" classname="experiment6.TriangleTest" time="0.0"/>
  <testcase name="testRobustWorstCaseBoundary(Integer, Integer, Integer, Integer, String)[5]" classname="experiment6.TriangleTest" time="0.0"/>
  <testcase name="testRobustWorstCaseBoundary(Integer, Integer, Integer, Integer, String)[6]" classname="experiment6.TriangleTest" time="0.001"/>
  <testcase name="testRobustWorstCaseBoundary(Integer, Integer, Integer, Integer, String)[7]" classname="experiment6.TriangleTest" time="0.0"/>
  <testcase name="testRobustWorstCaseBoundary(Integer, Integer, Integer, Integer, String)[8]" classname="experiment6.TriangleTest" time="0.001"/>
  <testcase name="testRobustWorstCaseBoundary(Integer, Integer, Integer, Integer, String)[9]" classname="experiment6.TriangleTest" time="0.001"/>
  <testcase name="testRobustWorstCaseBoundary(Integer, Integer, Integer, Integer, String)[10]" classname="experiment6.TriangleTest" time="0.0"/>
  <testcase name="testRobustWorstCaseBoundary(Integer, Integer, Integer, Integer, String)[11]" classname="experiment6.TriangleTest" time="0.001"/>
  <testcase name="testRobustWorstCaseBoundary(Integer, Integer, Integer, Integer, String)[12]" classname="experiment6.TriangleTest" time="0.001"/>
  <testcase name="testRobustWorstCaseBoundary(Integer, Integer, Integer, Integer, String)[13]" classname="experiment6.TriangleTest" time="0.001"/>
  <testcase name="testRobustWorstCaseBoundary(Integer, Integer, Integer, Integer, String)[14]" classname="experiment6.TriangleTest" time="0.0"/>
  <testcase name="testRobustWorstCaseBoundary(Integer, Integer, Integer, Integer, String)[15]" classname="experiment6.TriangleTest" time="0.0"/>
  <testcase name="testRobustWorstCaseBoundary(Integer, Integer, Integer, Integer, String)[16]" classname="experiment6.TriangleTest" time="0.001"/>
  <testcase name="testRobustWorstCaseBoundary(Integer, Integer, Integer, Integer, String)[17]" classname="experiment6.TriangleTest" time="0.0"/>
  <testcase name="testRobustWorstCaseBoundary(Integer, Integer, Integer, Integer, String)[18]" classname="experiment6.TriangleTest" time="0.0"/>
  <testcase name="testRobustWorstCaseBoundary(Integer, Integer, Integer, Integer, String)[19]" classname="experiment6.TriangleTest" time="0.001"/>
  <testcase name="testRobustWorstCaseBoundary(Integer, Integer, Integer, Integer, String)[20]" classname="experiment6.TriangleTest" time="0.0"/>
  <testcase name="testRobustWorstCaseBoundary(Integer, Integer, Integer, Integer, String)[21]" classname="experiment6.TriangleTest" time="0.0"/>
  <testcase name="testRobustWorstCaseBoundary(Integer, Integer, Integer, Integer, String)[22]" classname="experiment6.TriangleTest" time="0.0"/>
  <testcase name="testRobustWorstCaseBoundary(Integer, Integer, Integer, Integer, String)[23]" classname="experiment6.TriangleTest" time="0.001"/>
  <testcase name="testRobustWorstCaseBoundary(Integer, Integer, Integer, Integer, String)[24]" classname="experiment6.TriangleTest" time="0.0"/>
  <testcase name="testRobustWorstCaseBoundary(Integer, Integer, Integer, Integer, String)[25]" classname="experiment6.TriangleTest" time="0.0"/>
  <testcase name="testRobustWorstCaseBoundary(Integer, Integer, Integer, Integer, String)[26]" classname="experiment6.TriangleTest" time="0.0"/>
  <testcase name="testRobustWorstCaseBoundary(Integer, Integer, Integer, Integer, String)[27]" classname="experiment6.TriangleTest" time="0.0"/>
  <testcase name="testRobustWorstCaseBoundary(Integer, Integer, Integer, Integer, String)[28]" classname="experiment6.TriangleTest" time="0.0"/>
  <testcase name="testRobustWorstCaseBoundary(Integer, Integer, Integer, Integer, String)[29]" classname="experiment6.TriangleTest" time="0.001"/>
  <testcase name="testRobustWorstCaseBoundary(Integer, Integer, Integer, Integer, String)[30]" classname="experiment6.TriangleTest" time="0.0"/>
  <testcase name="testRobustWorstCaseBoundary(Integer, Integer, Integer, Integer, String)[31]" classname="experiment6.TriangleTest" time="0.0"/>
  <testcase name="testRobustWorstCaseBoundary(Integer, Integer, Integer, Integer, String)[32]" classname="experiment6.TriangleTest" time="0.001"/>
  <testcase name="testRobustWorstCaseBoundary(Integer, Integer, Integer, Integer, String)[33]" classname="experiment6.TriangleTest" time="0.0"/>
  <testcase name="testRobustWorstCaseBoundary(Integer, Integer, Integer, Integer, String)[34]" classname="experiment6.TriangleTest" time="0.002"/>
  <testcase name="testRobustWorstCaseBoundary(Integer, Integer, Integer, Integer, String)[35]" classname="experiment6.TriangleTest" time="0.001"/>
  <testcase name="testRobustWorstCaseBoundary(Integer, Integer, Integer, Integer, String)[36]" classname="experiment6.TriangleTest" time="0.0"/>
  <testcase name="testRobustWorstCaseBoundary(Integer, Integer, Integer, Integer, String)[37]" classname="experiment6.TriangleTest" time="0.0"/>
  <testcase name="testRobustWorstCaseBoundary(Integer, Integer, Integer, Integer, String)[38]" classname="experiment6.TriangleTest" time="0.0"/>
  <testcase name="testRobustWorstCaseBoundary(Integer, Integer, Integer, Integer, String)[39]" classname="experiment6.TriangleTest" time="0.0"/>
  <testcase name="testRobustWorstCaseBoundary(Integer, Integer, Integer, Integer, String)[40]" classname="experiment6.TriangleTest" time="0.0"/>
  <testcase name="testRobustWorstCaseBoundary(Integer, Integer, Integer, Integer, String)[41]" classname="experiment6.TriangleTest" time="0.001"/>
  <testcase name="testRobustWorstCaseBoundary(Integer, Integer, Integer, Integer, String)[42]" classname="experiment6.TriangleTest" time="0.0"/>
  <testcase name="testRobustWorstCaseBoundary(Integer, Integer, Integer, Integer, String)[43]" classname="experiment6.TriangleTest" time="0.001"/>
  <testcase name="testRobustWorstCaseBoundary(Integer, Integer, Integer, Integer, String)[44]" classname="experiment6.TriangleTest" time="0.001"/>
  <testcase name="testRobustWorstCaseBoundary(Integer, Integer, Integer, Integer, String)[45]" classname="experiment6.TriangleTest" time="0.0"/>
  <testcase name="testRobustWorstCaseBoundary(Integer, Integer, Integer, Integer, String)[46]" classname="experiment6.TriangleTest" time="0.001"/>
  <testcase name="testRobustWorstCaseBoundary(Integer, Integer, Integer, Integer, String)[47]" classname="experiment6.TriangleTest" time="0.001"/>
  <testcase name="testRobustWorstCaseBoundary(Integer, Integer, Integer, Integer, String)[48]" classname="experiment6.TriangleTest" time="0.0"/>
  <testcase name="testRobustWorstCaseBoundary(Integer, Integer, Integer, Integer, String)[49]" classname="experiment6.TriangleTest" time="0.0"/>
  <testcase name="testRobustWorstCaseBoundary(Integer, Integer, Integer, Integer, String)[50]" classname="experiment6.TriangleTest" time="0.0"/>
  <testcase name="testRobustWorstCaseBoundary(Integer, Integer, Integer, Integer, String)[51]" classname="experiment6.TriangleTest" time="0.0"/>
  <testcase name="testRobustWorstCaseBoundary(Integer, Integer, Integer, Integer, String)[52]" classname="experiment6.TriangleTest" time="0.0"/>
  <testcase name="testRobustWorstCaseBoundary(Integer, Integer, Integer, Integer, String)[53]" classname="experiment6.TriangleTest" time="0.0"/>
  <testcase name="testRobustWorstCaseBoundary(Integer, Integer, Integer, Integer, String)[54]" classname="experiment6.TriangleTest" time="0.0"/>
  <testcase name="testRobustWorstCaseBoundary(Integer, Integer, Integer, Integer, String)[55]" classname="experiment6.TriangleTest" time="0.0"/>
  <testcase name="testRobustWorstCaseBoundary(Integer, Integer, Integer, Integer, String)[56]" classname="experiment6.TriangleTest" time="0.0"/>
  <testcase name="testRobustWorstCaseBoundary(Integer, Integer, Integer, Integer, String)[57]" classname="experiment6.TriangleTest" time="0.0"/>
  <testcase name="testRobustWorstCaseBoundary(Integer, Integer, Integer, Integer, String)[58]" classname="experiment6.TriangleTest" time="0.0"/>
  <testcase name="testRobustWorstCaseBoundary(Integer, Integer, Integer, Integer, String)[59]" classname="experiment6.TriangleTest" time="0.0"/>
  <testcase name="testRobustWorstCaseBoundary(Integer, Integer, Integer, Integer, String)[60]" classname="experiment6.TriangleTest" time="0.0"/>
  <testcase name="testRobustWorstCaseBoundary(Integer, Integer, Integer, Integer, String)[61]" classname="experiment6.TriangleTest" time="0.0"/>
  <testcase name="testRobustWorstCaseBoundary(Integer, Integer, Integer, Integer, String)[62]" classname="experiment6.TriangleTest" time="0.001"/>
  <testcase name="testRobustWorstCaseBoundary(Integer, Integer, Integer, Integer, String)[63]" classname="experiment6.TriangleTest" time="0.001"/>
  <testcase name="testRobustWorstCaseBoundary(Integer, Integer, Integer, Integer, String)[64]" classname="experiment6.TriangleTest" time="0.0"/>
  <testcase name="testRobustWorstCaseBoundary(Integer, Integer, Integer, Integer, String)[65]" classname="experiment6.TriangleTest" time="0.0"/>
  <testcase name="testRobustWorstCaseBoundary(Integer, Integer, Integer, Integer, String)[66]" classname="experiment6.TriangleTest" time="0.0"/>
  <testcase name="testRobustWorstCaseBoundary(Integer, Integer, Integer, Integer, String)[67]" classname="experiment6.TriangleTest" time="0.0"/>
  <testcase name="testRobustWorstCaseBoundary(Integer, Integer, Integer, Integer, String)[68]" classname="experiment6.TriangleTest" time="0.0"/>
  <testcase name="testRobustWorstCaseBoundary(Integer, Integer, Integer, Integer, String)[69]" classname="experiment6.TriangleTest" time="0.001"/>
  <testcase name="testRobustWorstCaseBoundary(Integer, Integer, Integer, Integer, String)[70]" classname="experiment6.TriangleTest" time="0.0"/>
  <testcase name="testRobustWorstCaseBoundary(Integer, Integer, Integer, Integer, String)[71]" classname="experiment6.TriangleTest" time="0.001"/>
  <testcase name="testRobustWorstCaseBoundary(Integer, Integer, Integer, Integer, String)[72]" classname="experiment6.TriangleTest" time="0.0"/>
  <testcase name="testRobustWorstCaseBoundary(Integer, Integer, Integer, Integer, String)[73]" classname="experiment6.TriangleTest" time="0.0"/>
  <testcase name="testRobustWorstCaseBoundary(Integer, Integer, Integer, Integer, String)[74]" classname="experiment6.TriangleTest" time="0.001"/>
  <testcase name="testRobustWorstCaseBoundary(Integer, Integer, Integer, Integer, String)[75]" classname="experiment6.TriangleTest" time="0.0"/>
  <testcase name="testRobustWorstCaseBoundary(Integer, Integer, Integer, Integer, String)[76]" classname="experiment6.TriangleTest" time="0.001"/>
  <testcase name="testRobustWorstCaseBoundary(Integer, Integer, Integer, Integer, String)[77]" classname="experiment6.TriangleTest" time="0.0"/>
  <testcase name="testRobustWorstCaseBoundary(Integer, Integer, Integer, Integer, String)[78]" classname="experiment6.TriangleTest" time="0.001"/>
  <testcase name="testRobustWorstCaseBoundary(Integer, Integer, Integer, Integer, String)[79]" classname="experiment6.TriangleTest" time="0.0"/>
  <testcase name="testRobustWorstCaseBoundary(Integer, Integer, Integer, Integer, String)[80]" classname="experiment6.TriangleTest" time="0.001"/>
  <testcase name="testRobustWorstCaseBoundary(Integer, Integer, Integer, Integer, String)[81]" classname="experiment6.TriangleTest" time="0.001"/>
  <testcase name="testRobustWorstCaseBoundary(Integer, Integer, Integer, Integer, String)[82]" classname="experiment6.TriangleTest" time="0.001"/>
  <testcase name="testRobustWorstCaseBoundary(Integer, Integer, Integer, Integer, String)[83]" classname="experiment6.TriangleTest" time="0.0"/>
  <testcase name="testRobustWorstCaseBoundary(Integer, Integer, Integer, Integer, String)[84]" classname="experiment6.TriangleTest" time="0.001"/>
  <testcase name="testRobustWorstCaseBoundary(Integer, Integer, Integer, Integer, String)[85]" classname="experiment6.TriangleTest" time="0.0"/>
  <testcase name="testRobustWorstCaseBoundary(Integer, Integer, Integer, Integer, String)[86]" classname="experiment6.TriangleTest" time="0.001"/>
  <testcase name="testRobustWorstCaseBoundary(Integer, Integer, Integer, Integer, String)[87]" classname="experiment6.TriangleTest" time="0.0"/>
  <testcase name="testRobustWorstCaseBoundary(Integer, Integer, Integer, Integer, String)[88]" classname="experiment6.TriangleTest" time="0.001"/>
  <testcase name="testRobustWorstCaseBoundary(Integer, Integer, Integer, Integer, String)[89]" classname="experiment6.TriangleTest" time="0.001"/>
  <testcase name="testRobustWorstCaseBoundary(Integer, Integer, Integer, Integer, String)[90]" classname="experiment6.TriangleTest" time="0.001"/>
  <testcase name="testRobustWorstCaseBoundary(Integer, Integer, Integer, Integer, String)[91]" classname="experiment6.TriangleTest" time="0.0"/>
  <testcase name="testRobustWorstCaseBoundary(Integer, Integer, Integer, Integer, String)[92]" classname="experiment6.TriangleTest" time="0.0"/>
  <testcase name="testRobustWorstCaseBoundary(Integer, Integer, Integer, Integer, String)[93]" classname="experiment6.TriangleTest" time="0.001"/>
  <testcase name="testRobustWorstCaseBoundary(Integer, Integer, Integer, Integer, String)[94]" classname="experiment6.TriangleTest" time="0.001"/>
  <testcase name="testRobustWorstCaseBoundary(Integer, Integer, Integer, Integer, String)[95]" classname="experiment6.TriangleTest" time="0.0"/>
  <testcase name="testRobustWorstCaseBoundary(Integer, Integer, Integer, Integer, String)[96]" classname="experiment6.TriangleTest" time="0.001"/>
  <testcase name="testRobustWorstCaseBoundary(Integer, Integer, Integer, Integer, String)[97]" classname="experiment6.TriangleTest" time="0.0"/>
  <testcase name="testRobustWorstCaseBoundary(Integer, Integer, Integer, Integer, String)[98]" classname="experiment6.TriangleTest" time="0.001"/>
  <testcase name="testRobustWorstCaseBoundary(Integer, Integer, Integer, Integer, String)[99]" classname="experiment6.TriangleTest" time="0.001"/>
  <testcase name="testRobustWorstCaseBoundary(Integer, Integer, Integer, Integer, String)[100]" classname="experiment6.TriangleTest" time="0.0"/>
  <testcase name="testRobustWorstCaseBoundary(Integer, Integer, Integer, Integer, String)[101]" classname="experiment6.TriangleTest" time="0.0"/>
  <testcase name="testRobustWorstCaseBoundary(Integer, Integer, Integer, Integer, String)[102]" classname="experiment6.TriangleTest" time="0.0"/>
  <testcase name="testRobustWorstCaseBoundary(Integer, Integer, Integer, Integer, String)[103]" classname="experiment6.TriangleTest" time="0.0"/>
  <testcase name="testRobustWorstCaseBoundary(Integer, Integer, Integer, Integer, String)[104]" classname="experiment6.TriangleTest" time="0.001"/>
  <testcase name="testRobustWorstCaseBoundary(Integer, Integer, Integer, Integer, String)[105]" classname="experiment6.TriangleTest" time="0.0"/>
  <testcase name="testRobustWorstCaseBoundary(Integer, Integer, Integer, Integer, String)[106]" classname="experiment6.TriangleTest" time="0.0"/>
  <testcase name="testRobustWorstCaseBoundary(Integer, Integer, Integer, Integer, String)[107]" classname="experiment6.TriangleTest" time="0.0"/>
  <testcase name="testRobustWorstCaseBoundary(Integer, Integer, Integer, Integer, String)[108]" classname="experiment6.TriangleTest" time="0.0"/>
  <testcase name="testRobustWorstCaseBoundary(Integer, Integer, Integer, Integer, String)[109]" classname="experiment6.TriangleTest" time="0.0"/>
  <testcase name="testRobustWorstCaseBoundary(Integer, Integer, Integer, Integer, String)[110]" classname="experiment6.TriangleTest" time="0.0"/>
  <testcase name="testRobustWorstCaseBoundary(Integer, Integer, Integer, Integer, String)[111]" classname="experiment6.TriangleTest" time="0.0"/>
  <testcase name="testRobustWorstCaseBoundary(Integer, Integer, Integer, Integer, String)[112]" classname="experiment6.TriangleTest" time="0.0"/>
  <testcase name="testRobustWorstCaseBoundary(Integer, Integer, Integer, Integer, String)[113]" classname="experiment6.TriangleTest" time="0.0"/>
  <testcase name="testRobustWorstCaseBoundary(Integer, Integer, Integer, Integer, String)[114]" classname="experiment6.TriangleTest" time="0.0"/>
  <testcase name="testRobustWorstCaseBoundary(Integer, Integer, Integer, Integer, String)[115]" classname="experiment6.TriangleTest" time="0.001"/>
  <testcase name="testRobustWorstCaseBoundary(Integer, Integer, Integer, Integer, String)[116]" classname="experiment6.TriangleTest" time="0.0"/>
  <testcase name="testRobustWorstCaseBoundary(Integer, Integer, Integer, Integer, String)[117]" classname="experiment6.TriangleTest" time="0.0"/>
  <testcase name="testRobustWorstCaseBoundary(Integer, Integer, Integer, Integer, String)[118]" classname="experiment6.TriangleTest" time="0.0"/>
  <testcase name="testRobustWorstCaseBoundary(Integer, Integer, Integer, Integer, String)[119]" classname="experiment6.TriangleTest" time="0.0"/>
  <testcase name="testRobustWorstCaseBoundary(Integer, Integer, Integer, Integer, String)[120]" classname="experiment6.TriangleTest" time="0.001"/>
  <testcase name="testRobustWorstCaseBoundary(Integer, Integer, Integer, Integer, String)[121]" classname="experiment6.TriangleTest" time="0.0"/>
  <testcase name="testRobustWorstCaseBoundary(Integer, Integer, Integer, Integer, String)[122]" classname="experiment6.TriangleTest" time="0.002"/>
  <testcase name="testRobustWorstCaseBoundary(Integer, Integer, Integer, Integer, String)[123]" classname="experiment6.TriangleTest" time="0.001"/>
  <testcase name="testRobustWorstCaseBoundary(Integer, Integer, Integer, Integer, String)[124]" classname="experiment6.TriangleTest" time="0.0"/>
  <testcase name="testRobustWorstCaseBoundary(Integer, Integer, Integer, Integer, String)[125]" classname="experiment6.TriangleTest" time="0.001"/>
  <testcase name="testRobustWorstCaseBoundary(Integer, Integer, Integer, Integer, String)[126]" classname="experiment6.TriangleTest" time="0.0"/>
  <testcase name="testRobustWorstCaseBoundary(Integer, Integer, Integer, Integer, String)[127]" classname="experiment6.TriangleTest" time="0.0"/>
  <testcase name="testRobustWorstCaseBoundary(Integer, Integer, Integer, Integer, String)[128]" classname="experiment6.TriangleTest" time="0.0"/>
  <testcase name="testRobustWorstCaseBoundary(Integer, Integer, Integer, Integer, String)[129]" classname="experiment6.TriangleTest" time="0.0"/>
  <testcase name="testRobustWorstCaseBoundary(Integer, Integer, Integer, Integer, String)[130]" classname="experiment6.TriangleTest" time="0.001"/>
  <testcase name="testRobustWorstCaseBoundary(Integer, Integer, Integer, Integer, String)[131]" classname="experiment6.TriangleTest" time="0.001"/>
  <testcase name="testRobustWorstCaseBoundary(Integer, Integer, Integer, Integer, String)[132]" classname="experiment6.TriangleTest" time="0.002"/>
  <testcase name="testRobustWorstCaseBoundary(Integer, Integer, Integer, Integer, String)[133]" classname="experiment6.TriangleTest" time="0.0"/>
  <testcase name="testRobustWorstCaseBoundary(Integer, Integer, Integer, Integer, String)[134]" classname="experiment6.TriangleTest" time="0.0"/>
  <testcase name="testRobustWorstCaseBoundary(Integer, Integer, Integer, Integer, String)[135]" classname="experiment6.TriangleTest" time="0.0"/>
  <testcase name="testRobustWorstCaseBoundary(Integer, Integer, Integer, Integer, String)[136]" classname="experiment6.TriangleTest" time="0.0"/>
  <testcase name="testRobustWorstCaseBoundary(Integer, Integer, Integer, Integer, String)[137]" classname="experiment6.TriangleTest" time="0.0"/>
  <testcase name="testRobustWorstCaseBoundary(Integer, Integer, Integer, Integer, String)[138]" classname="experiment6.TriangleTest" time="0.001"/>
  <testcase name="testRobustWorstCaseBoundary(Integer, Integer, Integer, Integer, String)[139]" classname="experiment6.TriangleTest" time="0.0"/>
  <testcase name="testRobustWorstCaseBoundary(Integer, Integer, Integer, Integer, String)[140]" classname="experiment6.TriangleTest" time="0.0"/>
  <testcase name="testRobustWorstCaseBoundary(Integer, Integer, Integer, Integer, String)[141]" classname="experiment6.TriangleTest" time="0.0"/>
  <testcase name="testRobustWorstCaseBoundary(Integer, Integer, Integer, Integer, String)[142]" classname="experiment6.TriangleTest" time="0.001"/>
  <testcase name="testRobustWorstCaseBoundary(Integer, Integer, Integer, Integer, String)[143]" classname="experiment6.TriangleTest" time="0.0"/>
  <testcase name="testRobustWorstCaseBoundary(Integer, Integer, Integer, Integer, String)[144]" classname="experiment6.TriangleTest" time="0.0"/>
  <testcase name="testRobustWorstCaseBoundary(Integer, Integer, Integer, Integer, String)[145]" classname="experiment6.TriangleTest" time="0.0"/>
  <testcase name="testRobustWorstCaseBoundary(Integer, Integer, Integer, Integer, String)[146]" classname="experiment6.TriangleTest" time="0.0"/>
  <testcase name="testRobustWorstCaseBoundary(Integer, Integer, Integer, Integer, String)[147]" classname="experiment6.TriangleTest" time="0.0"/>
  <testcase name="testRobustWorstCaseBoundary(Integer, Integer, Integer, Integer, String)[148]" classname="experiment6.TriangleTest" time="0.0"/>
  <testcase name="testRobustWorstCaseBoundary(Integer, Integer, Integer, Integer, String)[149]" classname="experiment6.TriangleTest" time="0.001"/>
  <testcase name="testRobustWorstCaseBoundary(Integer, Integer, Integer, Integer, String)[150]" classname="experiment6.TriangleTest" time="0.0"/>
  <testcase name="testRobustWorstCaseBoundary(Integer, Integer, Integer, Integer, String)[151]" classname="experiment6.TriangleTest" time="0.0"/>
  <testcase name="testRobustWorstCaseBoundary(Integer, Integer, Integer, Integer, String)[152]" classname="experiment6.TriangleTest" time="0.001"/>
  <testcase name="testRobustWorstCaseBoundary(Integer, Integer, Integer, Integer, String)[153]" classname="experiment6.TriangleTest" time="0.0"/>
  <testcase name="testRobustWorstCaseBoundary(Integer, Integer, Integer, Integer, String)[154]" classname="experiment6.TriangleTest" time="0.001"/>
  <testcase name="testRobustWorstCaseBoundary(Integer, Integer, Integer, Integer, String)[155]" classname="experiment6.TriangleTest" time="0.001"/>
  <testcase name="testRobustWorstCaseBoundary(Integer, Integer, Integer, Integer, String)[156]" classname="experiment6.TriangleTest" time="0.0"/>
  <testcase name="testRobustWorstCaseBoundary(Integer, Integer, Integer, Integer, String)[157]" classname="experiment6.TriangleTest" time="0.0"/>
  <testcase name="testRobustWorstCaseBoundary(Integer, Integer, Integer, Integer, String)[158]" classname="experiment6.TriangleTest" time="0.0"/>
  <testcase name="testRobustWorstCaseBoundary(Integer, Integer, Integer, Integer, String)[159]" classname="experiment6.TriangleTest" time="0.001"/>
  <testcase name="testRobustWorstCaseBoundary(Integer, Integer, Integer, Integer, String)[160]" classname="experiment6.TriangleTest" time="0.001"/>
  <testcase name="testRobustWorstCaseBoundary(Integer, Integer, Integer, Integer, String)[161]" classname="experiment6.TriangleTest" time="0.0"/>
  <testcase name="testRobustWorstCaseBoundary(Integer, Integer, Integer, Integer, String)[162]" classname="experiment6.TriangleTest" time="0.0"/>
  <testcase name="testRobustWorstCaseBoundary(Integer, Integer, Integer, Integer, String)[163]" classname="experiment6.TriangleTest" time="0.0"/>
  <testcase name="testRobustWorstCaseBoundary(Integer, Integer, Integer, Integer, String)[164]" classname="experiment6.TriangleTest" time="0.0"/>
  <testcase name="testRobustWorstCaseBoundary(Integer, Integer, Integer, Integer, String)[165]" classname="experiment6.TriangleTest" time="0.001"/>
  <testcase name="testRobustWorstCaseBoundary(Integer, Integer, Integer, Integer, String)[166]" classname="experiment6.TriangleTest" time="0.001"/>
  <testcase name="testRobustWorstCaseBoundary(Integer, Integer, Integer, Integer, String)[167]" classname="experiment6.TriangleTest" time="0.0"/>
  <testcase name="testRobustWorstCaseBoundary(Integer, Integer, Integer, Integer, String)[168]" classname="experiment6.TriangleTest" time="0.0"/>
  <testcase name="testRobustWorstCaseBoundary(Integer, Integer, Integer, Integer, String)[169]" classname="experiment6.TriangleTest" time="0.0"/>
  <testcase name="testRobustWorstCaseBoundary(Integer, Integer, Integer, Integer, String)[170]" classname="experiment6.TriangleTest" time="0.0"/>
  <testcase name="testRobustWorstCaseBoundary(Integer, Integer, Integer, Integer, String)[171]" classname="experiment6.TriangleTest" time="0.0"/>
  <testcase name="testRobustWorstCaseBoundary(Integer, Integer, Integer, Integer, String)[172]" classname="experiment6.TriangleTest" time="0.0"/>
  <testcase name="testRobustWorstCaseBoundary(Integer, Integer, Integer, Integer, String)[173]" classname="experiment6.TriangleTest" time="0.0"/>
  <testcase name="testRobustWorstCaseBoundary(Integer, Integer, Integer, Integer, String)[174]" classname="experiment6.TriangleTest" time="0.0"/>
  <testcase name="testRobustWorstCaseBoundary(Integer, Integer, Integer, Integer, String)[175]" classname="experiment6.TriangleTest" time="0.0"/>
  <testcase name="testRobustWorstCaseBoundary(Integer, Integer, Integer, Integer, String)[176]" classname="experiment6.TriangleTest" time="0.0"/>
  <testcase name="testRobustWorstCaseBoundary(Integer, Integer, Integer, Integer, String)[177]" classname="experiment6.TriangleTest" time="0.001"/>
  <testcase name="testRobustWorstCaseBoundary(Integer, Integer, Integer, Integer, String)[178]" classname="experiment6.TriangleTest" time="0.001"/>
  <testcase name="testRobustWorstCaseBoundary(Integer, Integer, Integer, Integer, String)[179]" classname="experiment6.TriangleTest" time="0.0"/>
  <testcase name="testRobustWorstCaseBoundary(Integer, Integer, Integer, Integer, String)[180]" classname="experiment6.TriangleTest" time="0.0"/>
  <testcase name="testRobustWorstCaseBoundary(Integer, Integer, Integer, Integer, String)[181]" classname="experiment6.TriangleTest" time="0.0"/>
  <testcase name="testRobustWorstCaseBoundary(Integer, Integer, Integer, Integer, String)[182]" classname="experiment6.TriangleTest" time="0.001"/>
  <testcase name="testRobustWorstCaseBoundary(Integer, Integer, Integer, Integer, String)[183]" classname="experiment6.TriangleTest" time="0.0"/>
  <testcase name="testRobustWorstCaseBoundary(Integer, Integer, Integer, Integer, String)[184]" classname="experiment6.TriangleTest" time="0.0"/>
  <testcase name="testRobustWorstCaseBoundary(Integer, Integer, Integer, Integer, String)[185]" classname="experiment6.TriangleTest" time="0.001"/>
  <testcase name="testRobustWorstCaseBoundary(Integer, Integer, Integer, Integer, String)[186]" classname="experiment6.TriangleTest" time="0.0"/>
  <testcase name="testRobustWorstCaseBoundary(Integer, Integer, Integer, Integer, String)[187]" classname="experiment6.TriangleTest" time="0.0"/>
  <testcase name="testRobustWorstCaseBoundary(Integer, Integer, Integer, Integer, String)[188]" classname="experiment6.TriangleTest" time="0.0"/>
  <testcase name="testRobustWorstCaseBoundary(Integer, Integer, Integer, Integer, String)[189]" classname="experiment6.TriangleTest" time="0.001"/>
  <testcase name="testRobustWorstCaseBoundary(Integer, Integer, Integer, Integer, String)[190]" classname="experiment6.TriangleTest" time="0.0"/>
  <testcase name="testRobustWorstCaseBoundary(Integer, Integer, Integer, Integer, String)[191]" classname="experiment6.TriangleTest" time="0.0"/>
  <testcase name="testRobustWorstCaseBoundary(Integer, Integer, Integer, Integer, String)[192]" classname="experiment6.TriangleTest" time="0.0"/>
  <testcase name="testRobustWorstCaseBoundary(Integer, Integer, Integer, Integer, String)[193]" classname="experiment6.TriangleTest" time="0.0"/>
  <testcase name="testRobustWorstCaseBoundary(Integer, Integer, Integer, Integer, String)[194]" classname="experiment6.TriangleTest" time="0.0"/>
  <testcase name="testRobustWorstCaseBoundary(Integer, Integer, Integer, Integer, String)[195]" classname="experiment6.TriangleTest" time="0.0"/>
  <testcase name="testRobustWorstCaseBoundary(Integer, Integer, Integer, Integer, String)[196]" classname="experiment6.TriangleTest" time="0.001"/>
  <testcase name="testRobustWorstCaseBoundary(Integer, Integer, Integer, Integer, String)[197]" classname="experiment6.TriangleTest" time="0.0"/>
  <testcase name="testRobustWorstCaseBoundary(Integer, Integer, Integer, Integer, String)[198]" classname="experiment6.TriangleTest" time="0.0"/>
  <testcase name="testRobustWorstCaseBoundary(Integer, Integer, Integer, Integer, String)[199]" classname="experiment6.TriangleTest" time="0.0"/>
  <testcase name="testRobustWorstCaseBoundary(Integer, Integer, Integer, Integer, String)[200]" classname="experiment6.TriangleTest" time="0.0"/>
  <testcase name="testRobustWorstCaseBoundary(Integer, Integer, Integer, Integer, String)[201]" classname="experiment6.TriangleTest" time="0.001"/>
  <testcase name="testRobustWorstCaseBoundary(Integer, Integer, Integer, Integer, String)[202]" classname="experiment6.TriangleTest" time="0.0"/>
  <testcase name="testRobustWorstCaseBoundary(Integer, Integer, Integer, Integer, String)[203]" classname="experiment6.TriangleTest" time="0.0"/>
  <testcase name="testRobustWorstCaseBoundary(Integer, Integer, Integer, Integer, String)[204]" classname="experiment6.TriangleTest" time="0.001"/>
  <testcase name="testRobustWorstCaseBoundary(Integer, Integer, Integer, Integer, String)[205]" classname="experiment6.TriangleTest" time="0.0"/>
  <testcase name="testRobustWorstCaseBoundary(Integer, Integer, Integer, Integer, String)[206]" classname="experiment6.TriangleTest" time="0.0"/>
  <testcase name="testRobustWorstCaseBoundary(Integer, Integer, Integer, Integer, String)[207]" classname="experiment6.TriangleTest" time="0.0"/>
  <testcase name="testRobustWorstCaseBoundary(Integer, Integer, Integer, Integer, String)[208]" classname="experiment6.TriangleTest" time="0.0"/>
  <testcase name="testRobustWorstCaseBoundary(Integer, Integer, Integer, Integer, String)[209]" classname="experiment6.TriangleTest" time="0.0"/>
  <testcase name="testRobustWorstCaseBoundary(Integer, Integer, Integer, Integer, String)[210]" classname="experiment6.TriangleTest" time="0.0"/>
  <testcase name="testRobustWorstCaseBoundary(Integer, Integer, Integer, Integer, String)[211]" classname="experiment6.TriangleTest" time="0.001"/>
  <testcase name="testRobustWorstCaseBoundary(Integer, Integer, Integer, Integer, String)[212]" classname="experiment6.TriangleTest" time="0.001"/>
  <testcase name="testRobustWorstCaseBoundary(Integer, Integer, Integer, Integer, String)[213]" classname="experiment6.TriangleTest" time="0.001"/>
  <testcase name="testRobustWorstCaseBoundary(Integer, Integer, Integer, Integer, String)[214]" classname="experiment6.TriangleTest" time="0.001"/>
  <testcase name="testRobustWorstCaseBoundary(Integer, Integer, Integer, Integer, String)[215]" classname="experiment6.TriangleTest" time="0.0"/>
  <testcase name="testRobustWorstCaseBoundary(Integer, Integer, Integer, Integer, String)[216]" classname="experiment6.TriangleTest" time="0.003"/>
  <testcase name="testRobustWorstCaseBoundary(Integer, Integer, Integer, Integer, String)[217]" classname="experiment6.TriangleTest" time="0.001"/>
  <testcase name="testRobustWorstCaseBoundary(Integer, Integer, Integer, Integer, String)[218]" classname="experiment6.TriangleTest" time="0.0"/>
  <testcase name="testRobustWorstCaseBoundary(Integer, Integer, Integer, Integer, String)[219]" classname="experiment6.TriangleTest" time="0.0"/>
  <testcase name="testRobustWorstCaseBoundary(Integer, Integer, Integer, Integer, String)[220]" classname="experiment6.TriangleTest" time="0.0"/>
  <testcase name="testRobustWorstCaseBoundary(Integer, Integer, Integer, Integer, String)[221]" classname="experiment6.TriangleTest" time="0.0"/>
  <testcase name="testRobustWorstCaseBoundary(Integer, Integer, Integer, Integer, String)[222]" classname="experiment6.TriangleTest" time="0.0"/>
  <testcase name="testRobustWorstCaseBoundary(Integer, Integer, Integer, Integer, String)[223]" classname="experiment6.TriangleTest" time="0.001"/>
  <testcase name="testRobustWorstCaseBoundary(Integer, Integer, Integer, Integer, String)[224]" classname="experiment6.TriangleTest" time="0.0"/>
  <testcase name="testRobustWorstCaseBoundary(Integer, Integer, Integer, Integer, String)[225]" classname="experiment6.TriangleTest" time="0.001"/>
  <testcase name="testRobustWorstCaseBoundary(Integer, Integer, Integer, Integer, String)[226]" classname="experiment6.TriangleTest" time="0.002"/>
  <testcase name="testRobustWorstCaseBoundary(Integer, Integer, Integer, Integer, String)[227]" classname="experiment6.TriangleTest" time="0.001"/>
  <testcase name="testRobustWorstCaseBoundary(Integer, Integer, Integer, Integer, String)[228]" classname="experiment6.TriangleTest" time="0.0"/>
  <testcase name="testRobustWorstCaseBoundary(Integer, Integer, Integer, Integer, String)[229]" classname="experiment6.TriangleTest" time="0.0"/>
  <testcase name="testRobustWorstCaseBoundary(Integer, Integer, Integer, Integer, String)[230]" classname="experiment6.TriangleTest" time="0.001"/>
  <testcase name="testRobustWorstCaseBoundary(Integer, Integer, Integer, Integer, String)[231]" classname="experiment6.TriangleTest" time="0.001"/>
  <testcase name="testRobustWorstCaseBoundary(Integer, Integer, Integer, Integer, String)[232]" classname="experiment6.TriangleTest" time="0.0"/>
  <testcase name="testRobustWorstCaseBoundary(Integer, Integer, Integer, Integer, String)[233]" classname="experiment6.TriangleTest" time="0.0"/>
  <testcase name="testRobustWorstCaseBoundary(Integer, Integer, Integer, Integer, String)[234]" classname="experiment6.TriangleTest" time="0.0"/>
  <testcase name="testRobustWorstCaseBoundary(Integer, Integer, Integer, Integer, String)[235]" classname="experiment6.TriangleTest" time="0.0"/>
  <testcase name="testRobustWorstCaseBoundary(Integer, Integer, Integer, Integer, String)[236]" classname="experiment6.TriangleTest" time="0.001"/>
  <testcase name="testRobustWorstCaseBoundary(Integer, Integer, Integer, Integer, String)[237]" classname="experiment6.TriangleTest" time="0.0"/>
  <testcase name="testRobustWorstCaseBoundary(Integer, Integer, Integer, Integer, String)[238]" classname="experiment6.TriangleTest" time="0.002"/>
  <testcase name="testRobustWorstCaseBoundary(Integer, Integer, Integer, Integer, String)[239]" classname="experiment6.TriangleTest" time="0.0"/>
  <testcase name="testRobustWorstCaseBoundary(Integer, Integer, Integer, Integer, String)[240]" classname="experiment6.TriangleTest" time="0.0"/>
  <testcase name="testRobustWorstCaseBoundary(Integer, Integer, Integer, Integer, String)[241]" classname="experiment6.TriangleTest" time="0.0"/>
  <testcase name="testRobustWorstCaseBoundary(Integer, Integer, Integer, Integer, String)[242]" classname="experiment6.TriangleTest" time="0.0"/>
  <testcase name="testRobustWorstCaseBoundary(Integer, Integer, Integer, Integer, String)[243]" classname="experiment6.TriangleTest" time="0.001"/>
  <testcase name="testRobustWorstCaseBoundary(Integer, Integer, Integer, Integer, String)[244]" classname="experiment6.TriangleTest" time="0.001"/>
  <testcase name="testRobustWorstCaseBoundary(Integer, Integer, Integer, Integer, String)[245]" classname="experiment6.TriangleTest" time="0.0"/>
  <testcase name="testRobustWorstCaseBoundary(Integer, Integer, Integer, Integer, String)[246]" classname="experiment6.TriangleTest" time="0.0"/>
  <testcase name="testRobustWorstCaseBoundary(Integer, Integer, Integer, Integer, String)[247]" classname="experiment6.TriangleTest" time="0.0"/>
  <testcase name="testRobustWorstCaseBoundary(Integer, Integer, Integer, Integer, String)[248]" classname="experiment6.TriangleTest" time="0.0"/>
  <testcase name="testRobustWorstCaseBoundary(Integer, Integer, Integer, Integer, String)[249]" classname="experiment6.TriangleTest" time="0.0"/>
  <testcase name="testRobustWorstCaseBoundary(Integer, Integer, Integer, Integer, String)[250]" classname="experiment6.TriangleTest" time="0.0"/>
  <testcase name="testRobustWorstCaseBoundary(Integer, Integer, Integer, Integer, String)[251]" classname="experiment6.TriangleTest" time="0.001"/>
  <testcase name="testRobustWorstCaseBoundary(Integer, Integer, Integer, Integer, String)[252]" classname="experiment6.TriangleTest" time="0.001"/>
  <testcase name="testRobustWorstCaseBoundary(Integer, Integer, Integer, Integer, String)[253]" classname="experiment6.TriangleTest" time="0.002"/>
  <testcase name="testRobustWorstCaseBoundary(Integer, Integer, Integer, Integer, String)[254]" classname="experiment6.TriangleTest" time="0.0"/>
  <testcase name="testRobustWorstCaseBoundary(Integer, Integer, Integer, Integer, String)[255]" classname="experiment6.TriangleTest" time="0.0"/>
  <testcase name="testRobustWorstCaseBoundary(Integer, Integer, Integer, Integer, String)[256]" classname="experiment6.TriangleTest" time="0.0"/>
  <testcase name="testRobustWorstCaseBoundary(Integer, Integer, Integer, Integer, String)[257]" classname="experiment6.TriangleTest" time="0.0"/>
  <testcase name="testRobustWorstCaseBoundary(Integer, Integer, Integer, Integer, String)[258]" classname="experiment6.TriangleTest" time="0.0"/>
  <testcase name="testRobustWorstCaseBoundary(Integer, Integer, Integer, Integer, String)[259]" classname="experiment6.TriangleTest" time="0.0"/>
  <testcase name="testRobustWorstCaseBoundary(Integer, Integer, Integer, Integer, String)[260]" classname="experiment6.TriangleTest" time="0.0"/>
  <testcase name="testRobustWorstCaseBoundary(Integer, Integer, Integer, Integer, String)[261]" classname="experiment6.TriangleTest" time="0.0"/>
  <testcase name="testRobustWorstCaseBoundary(Integer, Integer, Integer, Integer, String)[262]" classname="experiment6.TriangleTest" time="0.0"/>
  <testcase name="testRobustWorstCaseBoundary(Integer, Integer, Integer, Integer, String)[263]" classname="experiment6.TriangleTest" time="0.001"/>
  <testcase name="testRobustWorstCaseBoundary(Integer, Integer, Integer, Integer, String)[264]" classname="experiment6.TriangleTest" time="0.001"/>
  <testcase name="testRobustWorstCaseBoundary(Integer, Integer, Integer, Integer, String)[265]" classname="experiment6.TriangleTest" time="0.001"/>
  <testcase name="testRobustWorstCaseBoundary(Integer, Integer, Integer, Integer, String)[266]" classname="experiment6.TriangleTest" time="0.0"/>
  <testcase name="testRobustWorstCaseBoundary(Integer, Integer, Integer, Integer, String)[267]" classname="experiment6.TriangleTest" time="0.001"/>
  <testcase name="testRobustWorstCaseBoundary(Integer, Integer, Integer, Integer, String)[268]" classname="experiment6.TriangleTest" time="0.001"/>
  <testcase name="testRobustWorstCaseBoundary(Integer, Integer, Integer, Integer, String)[269]" classname="experiment6.TriangleTest" time="0.0"/>
  <testcase name="testRobustWorstCaseBoundary(Integer, Integer, Integer, Integer, String)[270]" classname="experiment6.TriangleTest" time="0.0"/>
  <testcase name="testRobustWorstCaseBoundary(Integer, Integer, Integer, Integer, String)[271]" classname="experiment6.TriangleTest" time="0.001"/>
  <testcase name="testRobustWorstCaseBoundary(Integer, Integer, Integer, Integer, String)[272]" classname="experiment6.TriangleTest" time="0.0"/>
  <testcase name="testRobustWorstCaseBoundary(Integer, Integer, Integer, Integer, String)[273]" classname="experiment6.TriangleTest" time="0.0"/>
  <testcase name="testRobustWorstCaseBoundary(Integer, Integer, Integer, Integer, String)[274]" classname="experiment6.TriangleTest" time="0.0"/>
  <testcase name="testRobustWorstCaseBoundary(Integer, Integer, Integer, Integer, String)[275]" classname="experiment6.TriangleTest" time="0.0"/>
  <testcase name="testRobustWorstCaseBoundary(Integer, Integer, Integer, Integer, String)[276]" classname="experiment6.TriangleTest" time="0.0"/>
  <testcase name="testRobustWorstCaseBoundary(Integer, Integer, Integer, Integer, String)[277]" classname="experiment6.TriangleTest" time="0.0"/>
  <testcase name="testRobustWorstCaseBoundary(Integer, Integer, Integer, Integer, String)[278]" classname="experiment6.TriangleTest" time="0.001"/>
  <testcase name="testRobustWorstCaseBoundary(Integer, Integer, Integer, Integer, String)[279]" classname="experiment6.TriangleTest" time="0.001"/>
  <testcase name="testRobustWorstCaseBoundary(Integer, Integer, Integer, Integer, String)[280]" classname="experiment6.TriangleTest" time="0.0"/>
  <testcase name="testRobustWorstCaseBoundary(Integer, Integer, Integer, Integer, String)[281]" classname="experiment6.TriangleTest" time="0.001"/>
  <testcase name="testRobustWorstCaseBoundary(Integer, Integer, Integer, Integer, String)[282]" classname="experiment6.TriangleTest" time="0.001"/>
  <testcase name="testRobustWorstCaseBoundary(Integer, Integer, Integer, Integer, String)[283]" classname="experiment6.TriangleTest" time="0.001"/>
  <testcase name="testRobustWorstCaseBoundary(Integer, Integer, Integer, Integer, String)[284]" classname="experiment6.TriangleTest" time="0.001"/>
  <testcase name="testRobustWorstCaseBoundary(Integer, Integer, Integer, Integer, String)[285]" classname="experiment6.TriangleTest" time="0.001"/>
  <testcase name="testRobustWorstCaseBoundary(Integer, Integer, Integer, Integer, String)[286]" classname="experiment6.TriangleTest" time="0.001"/>
  <testcase name="testRobustWorstCaseBoundary(Integer, Integer, Integer, Integer, String)[287]" classname="experiment6.TriangleTest" time="0.001"/>
  <testcase name="testRobustWorstCaseBoundary(Integer, Integer, Integer, Integer, String)[288]" classname="experiment6.TriangleTest" time="0.001"/>
  <testcase name="testRobustWorstCaseBoundary(Integer, Integer, Integer, Integer, String)[289]" classname="experiment6.TriangleTest" time="0.001"/>
  <testcase name="testRobustWorstCaseBoundary(Integer, Integer, Integer, Integer, String)[290]" classname="experiment6.TriangleTest" time="0.001"/>
  <testcase name="testRobustWorstCaseBoundary(Integer, Integer, Integer, Integer, String)[291]" classname="experiment6.TriangleTest" time="0.0"/>
  <testcase name="testRobustWorstCaseBoundary(Integer, Integer, Integer, Integer, String)[292]" classname="experiment6.TriangleTest" time="0.0"/>
  <testcase name="testRobustWorstCaseBoundary(Integer, Integer, Integer, Integer, String)[293]" classname="experiment6.TriangleTest" time="0.0"/>
  <testcase name="testRobustWorstCaseBoundary(Integer, Integer, Integer, Integer, String)[294]" classname="experiment6.TriangleTest" time="0.0"/>
  <testcase name="testRobustWorstCaseBoundary(Integer, Integer, Integer, Integer, String)[295]" classname="experiment6.TriangleTest" time="0.0"/>
  <testcase name="testRobustWorstCaseBoundary(Integer, Integer, Integer, Integer, String)[296]" classname="experiment6.TriangleTest" time="0.0"/>
  <testcase name="testRobustWorstCaseBoundary(Integer, Integer, Integer, Integer, String)[297]" classname="experiment6.TriangleTest" time="0.001"/>
  <testcase name="testRobustWorstCaseBoundary(Integer, Integer, Integer, Integer, String)[298]" classname="experiment6.TriangleTest" time="0.001"/>
  <testcase name="testRobustWorstCaseBoundary(Integer, Integer, Integer, Integer, String)[299]" classname="experiment6.TriangleTest" time="0.0"/>
  <testcase name="testRobustWorstCaseBoundary(Integer, Integer, Integer, Integer, String)[300]" classname="experiment6.TriangleTest" time="0.0"/>
  <testcase name="testRobustWorstCaseBoundary(Integer, Integer, Integer, Integer, String)[301]" classname="experiment6.TriangleTest" time="0.0"/>
  <testcase name="testRobustWorstCaseBoundary(Integer, Integer, Integer, Integer, String)[302]" classname="experiment6.TriangleTest" time="0.0"/>
  <testcase name="testRobustWorstCaseBoundary(Integer, Integer, Integer, Integer, String)[303]" classname="experiment6.TriangleTest" time="0.0"/>
  <testcase name="testRobustWorstCaseBoundary(Integer, Integer, Integer, Integer, String)[304]" classname="experiment6.TriangleTest" time="0.001"/>
  <testcase name="testRobustWorstCaseBoundary(Integer, Integer, Integer, Integer, String)[305]" classname="experiment6.TriangleTest" time="0.0"/>
  <testcase name="testRobustWorstCaseBoundary(Integer, Integer, Integer, Integer, String)[306]" classname="experiment6.TriangleTest" time="0.001"/>
  <testcase name="testRobustWorstCaseBoundary(Integer, Integer, Integer, Integer, String)[307]" classname="experiment6.TriangleTest" time="0.0"/>
  <testcase name="testRobustWorstCaseBoundary(Integer, Integer, Integer, Integer, String)[308]" classname="experiment6.TriangleTest" time="0.0"/>
  <testcase name="testRobustWorstCaseBoundary(Integer, Integer, Integer, Integer, String)[309]" classname="experiment6.TriangleTest" time="0.001"/>
  <testcase name="testRobustWorstCaseBoundary(Integer, Integer, Integer, Integer, String)[310]" classname="experiment6.TriangleTest" time="0.001"/>
  <testcase name="testRobustWorstCaseBoundary(Integer, Integer, Integer, Integer, String)[311]" classname="experiment6.TriangleTest" time="0.002"/>
  <testcase name="testRobustWorstCaseBoundary(Integer, Integer, Integer, Integer, String)[312]" classname="experiment6.TriangleTest" time="0.0"/>
  <testcase name="testRobustWorstCaseBoundary(Integer, Integer, Integer, Integer, String)[313]" classname="experiment6.TriangleTest" time="0.0"/>
  <testcase name="testRobustWorstCaseBoundary(Integer, Integer, Integer, Integer, String)[314]" classname="experiment6.TriangleTest" time="0.001"/>
  <testcase name="testRobustWorstCaseBoundary(Integer, Integer, Integer, Integer, String)[315]" classname="experiment6.TriangleTest" time="0.002"/>
  <testcase name="testRobustWorstCaseBoundary(Integer, Integer, Integer, Integer, String)[316]" classname="experiment6.TriangleTest" time="0.0"/>
  <testcase name="testRobustWorstCaseBoundary(Integer, Integer, Integer, Integer, String)[317]" classname="experiment6.TriangleTest" time="0.001"/>
  <testcase name="testRobustWorstCaseBoundary(Integer, Integer, Integer, Integer, String)[318]" classname="experiment6.TriangleTest" time="0.002"/>
  <testcase name="testRobustWorstCaseBoundary(Integer, Integer, Integer, Integer, String)[319]" classname="experiment6.TriangleTest" time="0.0"/>
  <testcase name="testRobustWorstCaseBoundary(Integer, Integer, Integer, Integer, String)[320]" classname="experiment6.TriangleTest" time="0.0"/>
  <testcase name="testRobustWorstCaseBoundary(Integer, Integer, Integer, Integer, String)[321]" classname="experiment6.TriangleTest" time="0.001"/>
  <testcase name="testRobustWorstCaseBoundary(Integer, Integer, Integer, Integer, String)[322]" classname="experiment6.TriangleTest" time="0.001"/>
  <testcase name="testRobustWorstCaseBoundary(Integer, Integer, Integer, Integer, String)[323]" classname="experiment6.TriangleTest" time="0.001"/>
  <testcase name="testRobustWorstCaseBoundary(Integer, Integer, Integer, Integer, String)[324]" classname="experiment6.TriangleTest" time="0.0"/>
  <testcase name="testRobustWorstCaseBoundary(Integer, Integer, Integer, Integer, String)[325]" classname="experiment6.TriangleTest" time="0.001"/>
  <testcase name="testRobustWorstCaseBoundary(Integer, Integer, Integer, Integer, String)[326]" classname="experiment6.TriangleTest" time="0.001"/>
  <testcase name="testRobustWorstCaseBoundary(Integer, Integer, Integer, Integer, String)[327]" classname="experiment6.TriangleTest" time="0.0"/>
  <testcase name="testRobustWorstCaseBoundary(Integer, Integer, Integer, Integer, String)[328]" classname="experiment6.TriangleTest" time="0.0"/>
  <testcase name="testRobustWorstCaseBoundary(Integer, Integer, Integer, Integer, String)[329]" classname="experiment6.TriangleTest" time="0.001"/>
  <testcase name="testRobustWorstCaseBoundary(Integer, Integer, Integer, Integer, String)[330]" classname="experiment6.TriangleTest" time="0.001"/>
  <testcase name="testRobustWorstCaseBoundary(Integer, Integer, Integer, Integer, String)[331]" classname="experiment6.TriangleTest" time="0.0"/>
  <testcase name="testRobustWorstCaseBoundary(Integer, Integer, Integer, Integer, String)[332]" classname="experiment6.TriangleTest" time="0.0"/>
  <testcase name="testRobustWorstCaseBoundary(Integer, Integer, Integer, Integer, String)[333]" classname="experiment6.TriangleTest" time="0.0"/>
  <testcase name="testRobustWorstCaseBoundary(Integer, Integer, Integer, Integer, String)[334]" classname="experiment6.TriangleTest" time="0.0"/>
  <testcase name="testRobustWorstCaseBoundary(Integer, Integer, Integer, Integer, String)[335]" classname="experiment6.TriangleTest" time="0.0"/>
  <testcase name="testRobustWorstCaseBoundary(Integer, Integer, Integer, Integer, String)[336]" classname="experiment6.TriangleTest" time="0.0"/>
  <testcase name="testRobustWorstCaseBoundary(Integer, Integer, Integer, Integer, String)[337]" classname="experiment6.TriangleTest" time="0.0"/>
  <testcase name="testRobustWorstCaseBoundary(Integer, Integer, Integer, Integer, String)[338]" classname="experiment6.TriangleTest" time="0.002"/>
  <testcase name="testRobustWorstCaseBoundary(Integer, Integer, Integer, Integer, String)[339]" classname="experiment6.TriangleTest" time="0.001"/>
  <testcase name="testRobustWorstCaseBoundary(Integer, Integer, Integer, Integer, String)[340]" classname="experiment6.TriangleTest" time="0.001"/>
  <testcase name="testRobustWorstCaseBoundary(Integer, Integer, Integer, Integer, String)[341]" classname="experiment6.TriangleTest" time="0.001"/>
  <testcase name="testRobustWorstCaseBoundary(Integer, Integer, Integer, Integer, String)[342]" classname="experiment6.TriangleTest" time="0.001"/>
  <testcase name="testRobustWorstCaseBoundary(Integer, Integer, Integer, Integer, String)[343]" classname="experiment6.TriangleTest" time="0.0"/>
  <system-out><![CDATA[]]></system-out>
  <system-err><![CDATA[]]></system-err>
</testsuite>
