<?xml version="1.0" encoding="UTF-8"?>
<testsuite name="experiment8.VirusTest" tests="4" skipped="0" failures="0" errors="0" timestamp="2020-06-10T10:17:09" hostname="SC-201902161641" time="0.05">
  <properties/>
  <testcase name="test(boolean, boolean, boolean, int)[1]" classname="experiment8.VirusTest" time="0.031"/>
  <testcase name="test(boolean, boolean, boolean, int)[2]" classname="experiment8.VirusTest" time="0.002"/>
  <testcase name="test(boolean, boolean, boolean, int)[3]" classname="experiment8.VirusTest" time="0.001"/>
  <testcase name="test(boolean, boolean, boolean, int)[4]" classname="experiment8.VirusTest" time="0.002"/>
  <system-out><![CDATA[]]></system-out>
  <system-err><![CDATA[]]></system-err>
</testsuite>
