<?xml version="1.0" encoding="UTF-8"?>
<testsuite name="experiment7.AppTest" tests="1" skipped="0" failures="0" errors="0" timestamp="2020-06-10T01:59:48" hostname="SC-201902161641" time="0.004">
  <properties/>
  <testcase name="testAppHasAGreeting" classname="experiment7.AppTest" time="0.004"/>
  <system-out><![CDATA[]]></system-out>
  <system-err><![CDATA[]]></system-err>
</testsuite>
