<?xml version="1.0" encoding="UTF-8"?>
<testsuite name="experiment8.AppTest" tests="1" skipped="0" failures="0" errors="0" timestamp="2020-06-10T10:17:09" hostname="SC-201902161641" time="0.03">
  <properties/>
  <testcase name="appHasAGreeting()" classname="experiment8.AppTest" time="0.03"/>
  <system-out><![CDATA[]]></system-out>
  <system-err><![CDATA[]]></system-err>
</testsuite>
